2021-05-09 11:57:34,657 INFO [org.springframework.test.context.support.DefaultTestContextBootstrapper] - Loaded default TestExecutionListener class names from location [META-INF/spring.factories]: [org.springframework.test.context.web.ServletTestExecutionListener, org.springframework.test.context.support.DirtiesContextBeforeModesTestExecutionListener, org.springframework.test.context.support.DependencyInjectionTestExecutionListener, org.springframework.test.context.support.DirtiesContextTestExecutionListener, org.springframework.test.context.transaction.TransactionalTestExecutionListener, org.springframework.test.context.jdbc.SqlScriptsTestExecutionListener]
2021-05-09 11:57:34,698 INFO [org.springframework.test.context.support.DefaultTestContextBootstrapper] - Using TestExecutionListeners: [org.springframework.test.context.web.ServletTestExecutionListener@5025a98f, org.springframework.test.context.support.DirtiesContextBeforeModesTestExecutionListener@49993335, org.springframework.test.context.support.DependencyInjectionTestExecutionListener@20322d26, org.springframework.test.context.support.DirtiesContextTestExecutionListener@192b07fd, org.springframework.test.context.transaction.TransactionalTestExecutionListener@64bfbc86, org.springframework.test.context.jdbc.SqlScriptsTestExecutionListener@64bf3bbf]
2021-05-09 11:57:34,756 INFO [org.springframework.beans.factory.xml.XmlBeanDefinitionReader] - Loading XML bean definitions from class path resource [spring-context.xml]
2021-05-09 11:57:34,937 INFO [org.springframework.beans.factory.xml.XmlBeanDefinitionReader] - Loading XML bean definitions from class path resource [spring-context-druid.xml]
2021-05-09 11:57:34,970 INFO [org.springframework.beans.factory.xml.XmlBeanDefinitionReader] - Loading XML bean definitions from class path resource [spring-context-mybatis.xml]
2021-05-09 11:57:34,993 INFO [org.springframework.context.support.GenericApplicationContext] - Refreshing org.springframework.context.support.GenericApplicationContext@35d176f7: startup date [Sun May 09 11:57:34 CST 2021]; root of context hierarchy
2021-05-09 11:57:35,625 INFO [com.alibaba.druid.pool.DruidDataSource] - {dataSource-1} inited
2021-05-09 11:57:36,070 INFO [org.springframework.context.support.GenericApplicationContext] - Closing org.springframework.context.support.GenericApplicationContext@35d176f7: startup date [Sun May 09 11:57:34 CST 2021]; root of context hierarchy
2021-05-09 11:57:36,081 INFO [com.alibaba.druid.pool.DruidDataSource] - {dataSource-1} closed
2021-05-09 11:58:47,681 INFO [org.springframework.test.context.support.DefaultTestContextBootstrapper] - Loaded default TestExecutionListener class names from location [META-INF/spring.factories]: [org.springframework.test.context.web.ServletTestExecutionListener, org.springframework.test.context.support.DirtiesContextBeforeModesTestExecutionListener, org.springframework.test.context.support.DependencyInjectionTestExecutionListener, org.springframework.test.context.support.DirtiesContextTestExecutionListener, org.springframework.test.context.transaction.TransactionalTestExecutionListener, org.springframework.test.context.jdbc.SqlScriptsTestExecutionListener]
2021-05-09 11:58:47,694 INFO [org.springframework.test.context.support.DefaultTestContextBootstrapper] - Using TestExecutionListeners: [org.springframework.test.context.web.ServletTestExecutionListener@5025a98f, org.springframework.test.context.support.DirtiesContextBeforeModesTestExecutionListener@49993335, org.springframework.test.context.support.DependencyInjectionTestExecutionListener@20322d26, org.springframework.test.context.support.DirtiesContextTestExecutionListener@192b07fd, org.springframework.test.context.transaction.TransactionalTestExecutionListener@64bfbc86, org.springframework.test.context.jdbc.SqlScriptsTestExecutionListener@64bf3bbf]
2021-05-09 11:58:47,752 INFO [org.springframework.beans.factory.xml.XmlBeanDefinitionReader] - Loading XML bean definitions from class path resource [spring-context.xml]
2021-05-09 11:58:47,945 INFO [org.springframework.beans.factory.xml.XmlBeanDefinitionReader] - Loading XML bean definitions from class path resource [spring-context-druid.xml]
2021-05-09 11:58:47,974 INFO [org.springframework.beans.factory.xml.XmlBeanDefinitionReader] - Loading XML bean definitions from class path resource [spring-context-mybatis.xml]
2021-05-09 11:58:48,000 INFO [org.springframework.context.support.GenericApplicationContext] - Refreshing org.springframework.context.support.GenericApplicationContext@35d176f7: startup date [Sun May 09 11:58:47 CST 2021]; root of context hierarchy
2021-05-09 11:58:48,618 INFO [com.alibaba.druid.pool.DruidDataSource] - {dataSource-1} inited
2021-05-09 11:58:49,036 INFO [org.springframework.beans.factory.xml.XmlBeanDefinitionReader] - Loading XML bean definitions from class path resource [org/springframework/jdbc/support/sql-error-codes.xml]
2021-05-09 11:58:49,068 INFO [org.springframework.jdbc.support.SQLErrorCodesFactory] - SQLErrorCodes loaded: [DB2, Derby, H2, HDB, HSQL, Informix, MS-SQL, MySQL, Oracle, PostgreSQL, Sybase]
2021-05-09 11:58:49,131 INFO [org.springframework.context.support.GenericApplicationContext] - Closing org.springframework.context.support.GenericApplicationContext@35d176f7: startup date [Sun May 09 11:58:47 CST 2021]; root of context hierarchy
2021-05-09 11:58:49,145 INFO [com.alibaba.druid.pool.DruidDataSource] - {dataSource-1} closed
2021-05-09 11:59:21,215 INFO [org.springframework.test.context.support.DefaultTestContextBootstrapper] - Loaded default TestExecutionListener class names from location [META-INF/spring.factories]: [org.springframework.test.context.web.ServletTestExecutionListener, org.springframework.test.context.support.DirtiesContextBeforeModesTestExecutionListener, org.springframework.test.context.support.DependencyInjectionTestExecutionListener, org.springframework.test.context.support.DirtiesContextTestExecutionListener, org.springframework.test.context.transaction.TransactionalTestExecutionListener, org.springframework.test.context.jdbc.SqlScriptsTestExecutionListener]
2021-05-09 11:59:21,243 INFO [org.springframework.test.context.support.DefaultTestContextBootstrapper] - Using TestExecutionListeners: [org.springframework.test.context.web.ServletTestExecutionListener@14acaea5, org.springframework.test.context.support.DirtiesContextBeforeModesTestExecutionListener@46d56d67, org.springframework.test.context.support.DependencyInjectionTestExecutionListener@d8355a8, org.springframework.test.context.support.DirtiesContextTestExecutionListener@59fa1d9b, org.springframework.test.context.transaction.TransactionalTestExecutionListener@28d25987, org.springframework.test.context.jdbc.SqlScriptsTestExecutionListener@4501b7af]
2021-05-09 11:59:21,341 INFO [org.springframework.beans.factory.xml.XmlBeanDefinitionReader] - Loading XML bean definitions from class path resource [spring-context.xml]
2021-05-09 11:59:21,607 INFO [org.springframework.beans.factory.xml.XmlBeanDefinitionReader] - Loading XML bean definitions from class path resource [spring-context-druid.xml]
2021-05-09 11:59:21,658 INFO [org.springframework.beans.factory.xml.XmlBeanDefinitionReader] - Loading XML bean definitions from class path resource [spring-context-mybatis.xml]
2021-05-09 11:59:21,686 INFO [org.springframework.context.support.GenericApplicationContext] - Refreshing org.springframework.context.support.GenericApplicationContext@60c6f5b: startup date [Sun May 09 11:59:21 CST 2021]; root of context hierarchy
2021-05-09 11:59:23,029 INFO [com.alibaba.druid.pool.DruidDataSource] - {dataSource-1} inited
2021-05-09 11:59:23,731 INFO [org.springframework.context.support.GenericApplicationContext] - Closing org.springframework.context.support.GenericApplicationContext@60c6f5b: startup date [Sun May 09 11:59:21 CST 2021]; root of context hierarchy
2021-05-09 11:59:23,745 INFO [com.alibaba.druid.pool.DruidDataSource] - {dataSource-1} closed
2021-05-09 12:02:59,006 INFO [org.springframework.test.context.support.DefaultTestContextBootstrapper] - Loaded default TestExecutionListener class names from location [META-INF/spring.factories]: [org.springframework.test.context.web.ServletTestExecutionListener, org.springframework.test.context.support.DirtiesContextBeforeModesTestExecutionListener, org.springframework.test.context.support.DependencyInjectionTestExecutionListener, org.springframework.test.context.support.DirtiesContextTestExecutionListener, org.springframework.test.context.transaction.TransactionalTestExecutionListener, org.springframework.test.context.jdbc.SqlScriptsTestExecutionListener]
2021-05-09 12:02:59,039 INFO [org.springframework.test.context.support.DefaultTestContextBootstrapper] - Using TestExecutionListeners: [org.springframework.test.context.web.ServletTestExecutionListener@7b227d8d, org.springframework.test.context.support.DirtiesContextBeforeModesTestExecutionListener@7219ec67, org.springframework.test.context.support.DependencyInjectionTestExecutionListener@45018215, org.springframework.test.context.support.DirtiesContextTestExecutionListener@65d6b83b, org.springframework.test.context.transaction.TransactionalTestExecutionListener@d706f19, org.springframework.test.context.jdbc.SqlScriptsTestExecutionListener@30b7c004]
2021-05-09 12:02:59,198 INFO [org.springframework.beans.factory.xml.XmlBeanDefinitionReader] - Loading XML bean definitions from class path resource [spring-context.xml]
2021-05-09 12:02:59,524 INFO [org.springframework.beans.factory.xml.XmlBeanDefinitionReader] - Loading XML bean definitions from class path resource [spring-context-druid.xml]
2021-05-09 12:02:59,570 INFO [org.springframework.beans.factory.xml.XmlBeanDefinitionReader] - Loading XML bean definitions from class path resource [spring-context-mybatis.xml]
2021-05-09 12:02:59,628 INFO [org.springframework.context.support.GenericApplicationContext] - Refreshing org.springframework.context.support.GenericApplicationContext@1817d444: startup date [Sun May 09 12:02:59 CST 2021]; root of context hierarchy
2021-05-09 12:03:00,619 INFO [com.alibaba.druid.pool.DruidDataSource] - {dataSource-1} inited
2021-05-09 12:03:01,098 INFO [org.springframework.context.support.GenericApplicationContext] - Closing org.springframework.context.support.GenericApplicationContext@1817d444: startup date [Sun May 09 12:02:59 CST 2021]; root of context hierarchy
2021-05-09 12:03:01,109 INFO [com.alibaba.druid.pool.DruidDataSource] - {dataSource-1} closed
2021-05-09 12:03:40,710 INFO [org.springframework.test.context.support.DefaultTestContextBootstrapper] - Loaded default TestExecutionListener class names from location [META-INF/spring.factories]: [org.springframework.test.context.web.ServletTestExecutionListener, org.springframework.test.context.support.DirtiesContextBeforeModesTestExecutionListener, org.springframework.test.context.support.DependencyInjectionTestExecutionListener, org.springframework.test.context.support.DirtiesContextTestExecutionListener, org.springframework.test.context.transaction.TransactionalTestExecutionListener, org.springframework.test.context.jdbc.SqlScriptsTestExecutionListener]
2021-05-09 12:03:40,727 INFO [org.springframework.test.context.support.DefaultTestContextBootstrapper] - Using TestExecutionListeners: [org.springframework.test.context.web.ServletTestExecutionListener@14acaea5, org.springframework.test.context.support.DirtiesContextBeforeModesTestExecutionListener@46d56d67, org.springframework.test.context.support.DependencyInjectionTestExecutionListener@d8355a8, org.springframework.test.context.support.DirtiesContextTestExecutionListener@59fa1d9b, org.springframework.test.context.transaction.TransactionalTestExecutionListener@28d25987, org.springframework.test.context.jdbc.SqlScriptsTestExecutionListener@4501b7af]
2021-05-09 12:03:40,804 INFO [org.springframework.beans.factory.xml.XmlBeanDefinitionReader] - Loading XML bean definitions from class path resource [spring-context.xml]
2021-05-09 12:03:40,999 INFO [org.springframework.beans.factory.xml.XmlBeanDefinitionReader] - Loading XML bean definitions from class path resource [spring-context-druid.xml]
2021-05-09 12:03:41,027 INFO [org.springframework.beans.factory.xml.XmlBeanDefinitionReader] - Loading XML bean definitions from class path resource [spring-context-mybatis.xml]
2021-05-09 12:03:41,043 INFO [org.springframework.context.support.GenericApplicationContext] - Refreshing org.springframework.context.support.GenericApplicationContext@60c6f5b: startup date [Sun May 09 12:03:41 CST 2021]; root of context hierarchy
2021-05-09 12:03:41,966 INFO [com.alibaba.druid.pool.DruidDataSource] - {dataSource-1} inited
2021-05-09 12:03:42,421 INFO [org.springframework.context.support.GenericApplicationContext] - Closing org.springframework.context.support.GenericApplicationContext@60c6f5b: startup date [Sun May 09 12:03:41 CST 2021]; root of context hierarchy
2021-05-09 12:03:42,432 INFO [com.alibaba.druid.pool.DruidDataSource] - {dataSource-1} closed
2021-05-09 12:04:51,378 INFO [org.springframework.test.context.support.DefaultTestContextBootstrapper] - Loaded default TestExecutionListener class names from location [META-INF/spring.factories]: [org.springframework.test.context.web.ServletTestExecutionListener, org.springframework.test.context.support.DirtiesContextBeforeModesTestExecutionListener, org.springframework.test.context.support.DependencyInjectionTestExecutionListener, org.springframework.test.context.support.DirtiesContextTestExecutionListener, org.springframework.test.context.transaction.TransactionalTestExecutionListener, org.springframework.test.context.jdbc.SqlScriptsTestExecutionListener]
2021-05-09 12:04:51,403 INFO [org.springframework.test.context.support.DefaultTestContextBootstrapper] - Using TestExecutionListeners: [org.springframework.test.context.web.ServletTestExecutionListener@7b227d8d, org.springframework.test.context.support.DirtiesContextBeforeModesTestExecutionListener@7219ec67, org.springframework.test.context.support.DependencyInjectionTestExecutionListener@45018215, org.springframework.test.context.support.DirtiesContextTestExecutionListener@65d6b83b, org.springframework.test.context.transaction.TransactionalTestExecutionListener@d706f19, org.springframework.test.context.jdbc.SqlScriptsTestExecutionListener@30b7c004]
2021-05-09 12:04:51,495 INFO [org.springframework.beans.factory.xml.XmlBeanDefinitionReader] - Loading XML bean definitions from class path resource [spring-context.xml]
2021-05-09 12:04:51,733 INFO [org.springframework.beans.factory.xml.XmlBeanDefinitionReader] - Loading XML bean definitions from class path resource [spring-context-druid.xml]
2021-05-09 12:04:51,768 INFO [org.springframework.beans.factory.xml.XmlBeanDefinitionReader] - Loading XML bean definitions from class path resource [spring-context-mybatis.xml]
2021-05-09 12:04:51,788 INFO [org.springframework.context.support.GenericApplicationContext] - Refreshing org.springframework.context.support.GenericApplicationContext@1817d444: startup date [Sun May 09 12:04:51 CST 2021]; root of context hierarchy
2021-05-09 12:04:54,099 INFO [com.alibaba.druid.pool.DruidDataSource] - {dataSource-1} inited
2021-05-09 12:04:54,986 INFO [org.springframework.context.support.GenericApplicationContext] - Closing org.springframework.context.support.GenericApplicationContext@1817d444: startup date [Sun May 09 12:04:51 CST 2021]; root of context hierarchy
2021-05-09 12:04:55,007 INFO [com.alibaba.druid.pool.DruidDataSource] - {dataSource-1} closed
2021-05-09 12:05:05,678 INFO [org.springframework.test.context.support.DefaultTestContextBootstrapper] - Loaded default TestExecutionListener class names from location [META-INF/spring.factories]: [org.springframework.test.context.web.ServletTestExecutionListener, org.springframework.test.context.support.DirtiesContextBeforeModesTestExecutionListener, org.springframework.test.context.support.DependencyInjectionTestExecutionListener, org.springframework.test.context.support.DirtiesContextTestExecutionListener, org.springframework.test.context.transaction.TransactionalTestExecutionListener, org.springframework.test.context.jdbc.SqlScriptsTestExecutionListener]
2021-05-09 12:05:05,704 INFO [org.springframework.test.context.support.DefaultTestContextBootstrapper] - Using TestExecutionListeners: [org.springframework.test.context.web.ServletTestExecutionListener@14acaea5, org.springframework.test.context.support.DirtiesContextBeforeModesTestExecutionListener@46d56d67, org.springframework.test.context.support.DependencyInjectionTestExecutionListener@d8355a8, org.springframework.test.context.support.DirtiesContextTestExecutionListener@59fa1d9b, org.springframework.test.context.transaction.TransactionalTestExecutionListener@28d25987, org.springframework.test.context.jdbc.SqlScriptsTestExecutionListener@4501b7af]
2021-05-09 12:05:05,810 INFO [org.springframework.beans.factory.xml.XmlBeanDefinitionReader] - Loading XML bean definitions from class path resource [spring-context.xml]
2021-05-09 12:05:06,091 INFO [org.springframework.beans.factory.xml.XmlBeanDefinitionReader] - Loading XML bean definitions from class path resource [spring-context-druid.xml]
2021-05-09 12:05:06,141 INFO [org.springframework.beans.factory.xml.XmlBeanDefinitionReader] - Loading XML bean definitions from class path resource [spring-context-mybatis.xml]
2021-05-09 12:05:06,163 INFO [org.springframework.context.support.GenericApplicationContext] - Refreshing org.springframework.context.support.GenericApplicationContext@60c6f5b: startup date [Sun May 09 12:05:06 CST 2021]; root of context hierarchy
2021-05-09 12:05:13,145 INFO [org.springframework.test.context.support.DefaultTestContextBootstrapper] - Loaded default TestExecutionListener class names from location [META-INF/spring.factories]: [org.springframework.test.context.web.ServletTestExecutionListener, org.springframework.test.context.support.DirtiesContextBeforeModesTestExecutionListener, org.springframework.test.context.support.DependencyInjectionTestExecutionListener, org.springframework.test.context.support.DirtiesContextTestExecutionListener, org.springframework.test.context.transaction.TransactionalTestExecutionListener, org.springframework.test.context.jdbc.SqlScriptsTestExecutionListener]
2021-05-09 12:05:13,181 INFO [org.springframework.test.context.support.DefaultTestContextBootstrapper] - Using TestExecutionListeners: [org.springframework.test.context.web.ServletTestExecutionListener@7b227d8d, org.springframework.test.context.support.DirtiesContextBeforeModesTestExecutionListener@7219ec67, org.springframework.test.context.support.DependencyInjectionTestExecutionListener@45018215, org.springframework.test.context.support.DirtiesContextTestExecutionListener@65d6b83b, org.springframework.test.context.transaction.TransactionalTestExecutionListener@d706f19, org.springframework.test.context.jdbc.SqlScriptsTestExecutionListener@30b7c004]
2021-05-09 12:05:13,291 INFO [org.springframework.beans.factory.xml.XmlBeanDefinitionReader] - Loading XML bean definitions from class path resource [spring-context.xml]
2021-05-09 12:05:13,633 INFO [org.springframework.beans.factory.xml.XmlBeanDefinitionReader] - Loading XML bean definitions from class path resource [spring-context-druid.xml]
2021-05-09 12:05:13,675 INFO [org.springframework.beans.factory.xml.XmlBeanDefinitionReader] - Loading XML bean definitions from class path resource [spring-context-mybatis.xml]
2021-05-09 12:05:13,703 INFO [org.springframework.context.support.GenericApplicationContext] - Refreshing org.springframework.context.support.GenericApplicationContext@1817d444: startup date [Sun May 09 12:05:13 CST 2021]; root of context hierarchy
2021-05-09 12:05:16,609 INFO [com.alibaba.druid.pool.DruidDataSource] - {dataSource-1} inited
2021-05-09 12:06:38,240 INFO [org.springframework.context.support.GenericApplicationContext] - Closing org.springframework.context.support.GenericApplicationContext@1817d444: startup date [Sun May 09 12:05:13 CST 2021]; root of context hierarchy
2021-05-09 12:06:38,249 INFO [com.alibaba.druid.pool.DruidDataSource] - {dataSource-1} closed
2021-05-09 12:06:46,716 INFO [org.springframework.test.context.support.DefaultTestContextBootstrapper] - Loaded default TestExecutionListener class names from location [META-INF/spring.factories]: [org.springframework.test.context.web.ServletTestExecutionListener, org.springframework.test.context.support.DirtiesContextBeforeModesTestExecutionListener, org.springframework.test.context.support.DependencyInjectionTestExecutionListener, org.springframework.test.context.support.DirtiesContextTestExecutionListener, org.springframework.test.context.transaction.TransactionalTestExecutionListener, org.springframework.test.context.jdbc.SqlScriptsTestExecutionListener]
2021-05-09 12:06:46,735 INFO [org.springframework.test.context.support.DefaultTestContextBootstrapper] - Using TestExecutionListeners: [org.springframework.test.context.web.ServletTestExecutionListener@14acaea5, org.springframework.test.context.support.DirtiesContextBeforeModesTestExecutionListener@46d56d67, org.springframework.test.context.support.DependencyInjectionTestExecutionListener@d8355a8, org.springframework.test.context.support.DirtiesContextTestExecutionListener@59fa1d9b, org.springframework.test.context.transaction.TransactionalTestExecutionListener@28d25987, org.springframework.test.context.jdbc.SqlScriptsTestExecutionListener@4501b7af]
2021-05-09 12:06:46,804 INFO [org.springframework.beans.factory.xml.XmlBeanDefinitionReader] - Loading XML bean definitions from class path resource [spring-context.xml]
2021-05-09 12:06:47,003 INFO [org.springframework.beans.factory.xml.XmlBeanDefinitionReader] - Loading XML bean definitions from class path resource [spring-context-druid.xml]
2021-05-09 12:06:47,032 INFO [org.springframework.beans.factory.xml.XmlBeanDefinitionReader] - Loading XML bean definitions from class path resource [spring-context-mybatis.xml]
2021-05-09 12:06:47,052 INFO [org.springframework.context.support.GenericApplicationContext] - Refreshing org.springframework.context.support.GenericApplicationContext@60c6f5b: startup date [Sun May 09 12:06:47 CST 2021]; root of context hierarchy
2021-05-09 12:06:47,968 INFO [com.alibaba.druid.pool.DruidDataSource] - {dataSource-1} inited
2021-05-09 12:06:48,462 INFO [org.springframework.context.support.GenericApplicationContext] - Closing org.springframework.context.support.GenericApplicationContext@60c6f5b: startup date [Sun May 09 12:06:47 CST 2021]; root of context hierarchy
2021-05-09 12:06:48,471 INFO [com.alibaba.druid.pool.DruidDataSource] - {dataSource-1} closed
2021-05-09 12:07:20,485 INFO [org.springframework.test.context.support.DefaultTestContextBootstrapper] - Loaded default TestExecutionListener class names from location [META-INF/spring.factories]: [org.springframework.test.context.web.ServletTestExecutionListener, org.springframework.test.context.support.DirtiesContextBeforeModesTestExecutionListener, org.springframework.test.context.support.DependencyInjectionTestExecutionListener, org.springframework.test.context.support.DirtiesContextTestExecutionListener, org.springframework.test.context.transaction.TransactionalTestExecutionListener, org.springframework.test.context.jdbc.SqlScriptsTestExecutionListener]
2021-05-09 12:07:20,500 INFO [org.springframework.test.context.support.DefaultTestContextBootstrapper] - Using TestExecutionListeners: [org.springframework.test.context.web.ServletTestExecutionListener@5025a98f, org.springframework.test.context.support.DirtiesContextBeforeModesTestExecutionListener@49993335, org.springframework.test.context.support.DependencyInjectionTestExecutionListener@20322d26, org.springframework.test.context.support.DirtiesContextTestExecutionListener@192b07fd, org.springframework.test.context.transaction.TransactionalTestExecutionListener@64bfbc86, org.springframework.test.context.jdbc.SqlScriptsTestExecutionListener@64bf3bbf]
2021-05-09 12:07:20,562 INFO [org.springframework.beans.factory.xml.XmlBeanDefinitionReader] - Loading XML bean definitions from class path resource [spring-context.xml]
2021-05-09 12:07:20,778 INFO [org.springframework.beans.factory.xml.XmlBeanDefinitionReader] - Loading XML bean definitions from class path resource [spring-context-druid.xml]
2021-05-09 12:07:20,811 INFO [org.springframework.beans.factory.xml.XmlBeanDefinitionReader] - Loading XML bean definitions from class path resource [spring-context-mybatis.xml]
2021-05-09 12:07:20,841 INFO [org.springframework.context.support.GenericApplicationContext] - Refreshing org.springframework.context.support.GenericApplicationContext@35d176f7: startup date [Sun May 09 12:07:20 CST 2021]; root of context hierarchy
2021-05-09 12:07:21,608 INFO [com.alibaba.druid.pool.DruidDataSource] - {dataSource-1} inited
2021-05-09 12:07:22,046 INFO [org.springframework.beans.factory.xml.XmlBeanDefinitionReader] - Loading XML bean definitions from class path resource [org/springframework/jdbc/support/sql-error-codes.xml]
2021-05-09 12:07:22,076 INFO [org.springframework.jdbc.support.SQLErrorCodesFactory] - SQLErrorCodes loaded: [DB2, Derby, H2, HDB, HSQL, Informix, MS-SQL, MySQL, Oracle, PostgreSQL, Sybase]
2021-05-09 12:07:22,134 INFO [org.springframework.context.support.GenericApplicationContext] - Closing org.springframework.context.support.GenericApplicationContext@35d176f7: startup date [Sun May 09 12:07:20 CST 2021]; root of context hierarchy
2021-05-09 12:07:22,149 INFO [com.alibaba.druid.pool.DruidDataSource] - {dataSource-1} closed
2021-05-09 12:07:40,203 INFO [org.springframework.test.context.support.DefaultTestContextBootstrapper] - Loaded default TestExecutionListener class names from location [META-INF/spring.factories]: [org.springframework.test.context.web.ServletTestExecutionListener, org.springframework.test.context.support.DirtiesContextBeforeModesTestExecutionListener, org.springframework.test.context.support.DependencyInjectionTestExecutionListener, org.springframework.test.context.support.DirtiesContextTestExecutionListener, org.springframework.test.context.transaction.TransactionalTestExecutionListener, org.springframework.test.context.jdbc.SqlScriptsTestExecutionListener]
2021-05-09 12:07:40,221 INFO [org.springframework.test.context.support.DefaultTestContextBootstrapper] - Using TestExecutionListeners: [org.springframework.test.context.web.ServletTestExecutionListener@39aeed2f, org.springframework.test.context.support.DirtiesContextBeforeModesTestExecutionListener@724af044, org.springframework.test.context.support.DependencyInjectionTestExecutionListener@4678c730, org.springframework.test.context.support.DirtiesContextTestExecutionListener@6767c1fc, org.springframework.test.context.transaction.TransactionalTestExecutionListener@29ee9faa, org.springframework.test.context.jdbc.SqlScriptsTestExecutionListener@c038203]
2021-05-09 12:07:40,304 INFO [org.springframework.beans.factory.xml.XmlBeanDefinitionReader] - Loading XML bean definitions from class path resource [spring-context.xml]
2021-05-09 12:07:40,517 INFO [org.springframework.beans.factory.xml.XmlBeanDefinitionReader] - Loading XML bean definitions from class path resource [spring-context-druid.xml]
2021-05-09 12:07:40,544 INFO [org.springframework.beans.factory.xml.XmlBeanDefinitionReader] - Loading XML bean definitions from class path resource [spring-context-mybatis.xml]
2021-05-09 12:07:40,562 INFO [org.springframework.context.support.GenericApplicationContext] - Refreshing org.springframework.context.support.GenericApplicationContext@6adede5: startup date [Sun May 09 12:07:40 CST 2021]; root of context hierarchy
2021-05-09 12:07:41,837 INFO [com.alibaba.druid.pool.DruidDataSource] - {dataSource-1} inited
2021-05-09 12:07:42,685 INFO [org.springframework.beans.factory.xml.XmlBeanDefinitionReader] - Loading XML bean definitions from class path resource [org/springframework/jdbc/support/sql-error-codes.xml]
2021-05-09 12:07:42,725 INFO [org.springframework.jdbc.support.SQLErrorCodesFactory] - SQLErrorCodes loaded: [DB2, Derby, H2, HDB, HSQL, Informix, MS-SQL, MySQL, Oracle, PostgreSQL, Sybase]
2021-05-09 12:07:42,798 INFO [org.springframework.context.support.GenericApplicationContext] - Closing org.springframework.context.support.GenericApplicationContext@6adede5: startup date [Sun May 09 12:07:40 CST 2021]; root of context hierarchy
2021-05-09 12:07:42,810 INFO [com.alibaba.druid.pool.DruidDataSource] - {dataSource-1} closed
2021-05-09 12:08:17,617 INFO [org.springframework.test.context.support.DefaultTestContextBootstrapper] - Loaded default TestExecutionListener class names from location [META-INF/spring.factories]: [org.springframework.test.context.web.ServletTestExecutionListener, org.springframework.test.context.support.DirtiesContextBeforeModesTestExecutionListener, org.springframework.test.context.support.DependencyInjectionTestExecutionListener, org.springframework.test.context.support.DirtiesContextTestExecutionListener, org.springframework.test.context.transaction.TransactionalTestExecutionListener, org.springframework.test.context.jdbc.SqlScriptsTestExecutionListener]
2021-05-09 12:08:17,637 INFO [org.springframework.test.context.support.DefaultTestContextBootstrapper] - Using TestExecutionListeners: [org.springframework.test.context.web.ServletTestExecutionListener@39aeed2f, org.springframework.test.context.support.DirtiesContextBeforeModesTestExecutionListener@724af044, org.springframework.test.context.support.DependencyInjectionTestExecutionListener@4678c730, org.springframework.test.context.support.DirtiesContextTestExecutionListener@6767c1fc, org.springframework.test.context.transaction.TransactionalTestExecutionListener@29ee9faa, org.springframework.test.context.jdbc.SqlScriptsTestExecutionListener@c038203]
2021-05-09 12:08:17,721 INFO [org.springframework.beans.factory.xml.XmlBeanDefinitionReader] - Loading XML bean definitions from class path resource [spring-context.xml]
2021-05-09 12:08:17,965 INFO [org.springframework.beans.factory.xml.XmlBeanDefinitionReader] - Loading XML bean definitions from class path resource [spring-context-druid.xml]
2021-05-09 12:08:18,003 INFO [org.springframework.beans.factory.xml.XmlBeanDefinitionReader] - Loading XML bean definitions from class path resource [spring-context-mybatis.xml]
2021-05-09 12:08:18,025 INFO [org.springframework.context.support.GenericApplicationContext] - Refreshing org.springframework.context.support.GenericApplicationContext@6adede5: startup date [Sun May 09 12:08:18 CST 2021]; root of context hierarchy
2021-05-09 12:08:19,246 INFO [com.alibaba.druid.pool.DruidDataSource] - {dataSource-1} inited
2021-05-09 12:08:20,194 INFO [org.springframework.beans.factory.xml.XmlBeanDefinitionReader] - Loading XML bean definitions from class path resource [org/springframework/jdbc/support/sql-error-codes.xml]
2021-05-09 12:08:20,239 INFO [org.springframework.jdbc.support.SQLErrorCodesFactory] - SQLErrorCodes loaded: [DB2, Derby, H2, HDB, HSQL, Informix, MS-SQL, MySQL, Oracle, PostgreSQL, Sybase]
2021-05-09 12:08:20,318 INFO [org.springframework.context.support.GenericApplicationContext] - Closing org.springframework.context.support.GenericApplicationContext@6adede5: startup date [Sun May 09 12:08:18 CST 2021]; root of context hierarchy
2021-05-09 12:08:20,330 INFO [com.alibaba.druid.pool.DruidDataSource] - {dataSource-1} closed
2021-05-09 12:08:52,420 INFO [org.springframework.test.context.support.DefaultTestContextBootstrapper] - Loaded default TestExecutionListener class names from location [META-INF/spring.factories]: [org.springframework.test.context.web.ServletTestExecutionListener, org.springframework.test.context.support.DirtiesContextBeforeModesTestExecutionListener, org.springframework.test.context.support.DependencyInjectionTestExecutionListener, org.springframework.test.context.support.DirtiesContextTestExecutionListener, org.springframework.test.context.transaction.TransactionalTestExecutionListener, org.springframework.test.context.jdbc.SqlScriptsTestExecutionListener]
2021-05-09 12:08:52,443 INFO [org.springframework.test.context.support.DefaultTestContextBootstrapper] - Using TestExecutionListeners: [org.springframework.test.context.web.ServletTestExecutionListener@39aeed2f, org.springframework.test.context.support.DirtiesContextBeforeModesTestExecutionListener@724af044, org.springframework.test.context.support.DependencyInjectionTestExecutionListener@4678c730, org.springframework.test.context.support.DirtiesContextTestExecutionListener@6767c1fc, org.springframework.test.context.transaction.TransactionalTestExecutionListener@29ee9faa, org.springframework.test.context.jdbc.SqlScriptsTestExecutionListener@c038203]
2021-05-09 12:08:52,529 INFO [org.springframework.beans.factory.xml.XmlBeanDefinitionReader] - Loading XML bean definitions from class path resource [spring-context.xml]
2021-05-09 12:08:52,756 INFO [org.springframework.beans.factory.xml.XmlBeanDefinitionReader] - Loading XML bean definitions from class path resource [spring-context-druid.xml]
2021-05-09 12:08:52,786 INFO [org.springframework.beans.factory.xml.XmlBeanDefinitionReader] - Loading XML bean definitions from class path resource [spring-context-mybatis.xml]
2021-05-09 12:08:52,805 INFO [org.springframework.context.support.GenericApplicationContext] - Refreshing org.springframework.context.support.GenericApplicationContext@6adede5: startup date [Sun May 09 12:08:52 CST 2021]; root of context hierarchy
2021-05-09 12:08:53,690 INFO [com.alibaba.druid.pool.DruidDataSource] - {dataSource-1} inited
2021-05-09 12:08:54,542 INFO [org.springframework.context.support.GenericApplicationContext] - Closing org.springframework.context.support.GenericApplicationContext@6adede5: startup date [Sun May 09 12:08:52 CST 2021]; root of context hierarchy
2021-05-09 12:08:54,553 INFO [com.alibaba.druid.pool.DruidDataSource] - {dataSource-1} closed
2021-05-09 12:09:05,567 INFO [org.springframework.test.context.support.DefaultTestContextBootstrapper] - Loaded default TestExecutionListener class names from location [META-INF/spring.factories]: [org.springframework.test.context.web.ServletTestExecutionListener, org.springframework.test.context.support.DirtiesContextBeforeModesTestExecutionListener, org.springframework.test.context.support.DependencyInjectionTestExecutionListener, org.springframework.test.context.support.DirtiesContextTestExecutionListener, org.springframework.test.context.transaction.TransactionalTestExecutionListener, org.springframework.test.context.jdbc.SqlScriptsTestExecutionListener]
2021-05-09 12:09:05,582 INFO [org.springframework.test.context.support.DefaultTestContextBootstrapper] - Using TestExecutionListeners: [org.springframework.test.context.web.ServletTestExecutionListener@5025a98f, org.springframework.test.context.support.DirtiesContextBeforeModesTestExecutionListener@49993335, org.springframework.test.context.support.DependencyInjectionTestExecutionListener@20322d26, org.springframework.test.context.support.DirtiesContextTestExecutionListener@192b07fd, org.springframework.test.context.transaction.TransactionalTestExecutionListener@64bfbc86, org.springframework.test.context.jdbc.SqlScriptsTestExecutionListener@64bf3bbf]
2021-05-09 12:09:05,642 INFO [org.springframework.beans.factory.xml.XmlBeanDefinitionReader] - Loading XML bean definitions from class path resource [spring-context.xml]
2021-05-09 12:09:05,880 INFO [org.springframework.beans.factory.xml.XmlBeanDefinitionReader] - Loading XML bean definitions from class path resource [spring-context-druid.xml]
2021-05-09 12:09:05,919 INFO [org.springframework.beans.factory.xml.XmlBeanDefinitionReader] - Loading XML bean definitions from class path resource [spring-context-mybatis.xml]
2021-05-09 12:09:05,947 INFO [org.springframework.context.support.GenericApplicationContext] - Refreshing org.springframework.context.support.GenericApplicationContext@35d176f7: startup date [Sun May 09 12:09:05 CST 2021]; root of context hierarchy
2021-05-09 12:09:06,792 INFO [com.alibaba.druid.pool.DruidDataSource] - {dataSource-1} inited
2021-05-09 12:09:07,244 INFO [org.springframework.beans.factory.xml.XmlBeanDefinitionReader] - Loading XML bean definitions from class path resource [org/springframework/jdbc/support/sql-error-codes.xml]
2021-05-09 12:09:07,275 INFO [org.springframework.jdbc.support.SQLErrorCodesFactory] - SQLErrorCodes loaded: [DB2, Derby, H2, HDB, HSQL, Informix, MS-SQL, MySQL, Oracle, PostgreSQL, Sybase]
2021-05-09 12:09:07,330 INFO [org.springframework.context.support.GenericApplicationContext] - Closing org.springframework.context.support.GenericApplicationContext@35d176f7: startup date [Sun May 09 12:09:05 CST 2021]; root of context hierarchy
2021-05-09 12:09:07,342 INFO [com.alibaba.druid.pool.DruidDataSource] - {dataSource-1} closed
2021-05-09 12:09:16,024 INFO [org.springframework.test.context.support.DefaultTestContextBootstrapper] - Loaded default TestExecutionListener class names from location [META-INF/spring.factories]: [org.springframework.test.context.web.ServletTestExecutionListener, org.springframework.test.context.support.DirtiesContextBeforeModesTestExecutionListener, org.springframework.test.context.support.DependencyInjectionTestExecutionListener, org.springframework.test.context.support.DirtiesContextTestExecutionListener, org.springframework.test.context.transaction.TransactionalTestExecutionListener, org.springframework.test.context.jdbc.SqlScriptsTestExecutionListener]
2021-05-09 12:09:16,048 INFO [org.springframework.test.context.support.DefaultTestContextBootstrapper] - Using TestExecutionListeners: [org.springframework.test.context.web.ServletTestExecutionListener@5025a98f, org.springframework.test.context.support.DirtiesContextBeforeModesTestExecutionListener@49993335, org.springframework.test.context.support.DependencyInjectionTestExecutionListener@20322d26, org.springframework.test.context.support.DirtiesContextTestExecutionListener@192b07fd, org.springframework.test.context.transaction.TransactionalTestExecutionListener@64bfbc86, org.springframework.test.context.jdbc.SqlScriptsTestExecutionListener@64bf3bbf]
2021-05-09 12:09:16,125 INFO [org.springframework.beans.factory.xml.XmlBeanDefinitionReader] - Loading XML bean definitions from class path resource [spring-context.xml]
2021-05-09 12:09:16,356 INFO [org.springframework.beans.factory.xml.XmlBeanDefinitionReader] - Loading XML bean definitions from class path resource [spring-context-druid.xml]
2021-05-09 12:09:16,397 INFO [org.springframework.beans.factory.xml.XmlBeanDefinitionReader] - Loading XML bean definitions from class path resource [spring-context-mybatis.xml]
2021-05-09 12:09:16,426 INFO [org.springframework.context.support.GenericApplicationContext] - Refreshing org.springframework.context.support.GenericApplicationContext@35d176f7: startup date [Sun May 09 12:09:16 CST 2021]; root of context hierarchy
2021-05-09 12:09:17,167 INFO [com.alibaba.druid.pool.DruidDataSource] - {dataSource-1} inited
2021-05-09 12:09:17,639 INFO [org.springframework.beans.factory.xml.XmlBeanDefinitionReader] - Loading XML bean definitions from class path resource [org/springframework/jdbc/support/sql-error-codes.xml]
2021-05-09 12:09:17,674 INFO [org.springframework.jdbc.support.SQLErrorCodesFactory] - SQLErrorCodes loaded: [DB2, Derby, H2, HDB, HSQL, Informix, MS-SQL, MySQL, Oracle, PostgreSQL, Sybase]
2021-05-09 12:09:17,742 INFO [org.springframework.context.support.GenericApplicationContext] - Closing org.springframework.context.support.GenericApplicationContext@35d176f7: startup date [Sun May 09 12:09:16 CST 2021]; root of context hierarchy
2021-05-09 12:09:17,756 INFO [com.alibaba.druid.pool.DruidDataSource] - {dataSource-1} closed
2021-05-09 12:10:30,321 INFO [org.springframework.test.context.support.DefaultTestContextBootstrapper] - Loaded default TestExecutionListener class names from location [META-INF/spring.factories]: [org.springframework.test.context.web.ServletTestExecutionListener, org.springframework.test.context.support.DirtiesContextBeforeModesTestExecutionListener, org.springframework.test.context.support.DependencyInjectionTestExecutionListener, org.springframework.test.context.support.DirtiesContextTestExecutionListener, org.springframework.test.context.transaction.TransactionalTestExecutionListener, org.springframework.test.context.jdbc.SqlScriptsTestExecutionListener]
2021-05-09 12:10:30,339 INFO [org.springframework.test.context.support.DefaultTestContextBootstrapper] - Using TestExecutionListeners: [org.springframework.test.context.web.ServletTestExecutionListener@5025a98f, org.springframework.test.context.support.DirtiesContextBeforeModesTestExecutionListener@49993335, org.springframework.test.context.support.DependencyInjectionTestExecutionListener@20322d26, org.springframework.test.context.support.DirtiesContextTestExecutionListener@192b07fd, org.springframework.test.context.transaction.TransactionalTestExecutionListener@64bfbc86, org.springframework.test.context.jdbc.SqlScriptsTestExecutionListener@64bf3bbf]
2021-05-09 12:10:30,419 INFO [org.springframework.beans.factory.xml.XmlBeanDefinitionReader] - Loading XML bean definitions from class path resource [spring-context.xml]
2021-05-09 12:10:30,669 INFO [org.springframework.beans.factory.xml.XmlBeanDefinitionReader] - Loading XML bean definitions from class path resource [spring-context-druid.xml]
2021-05-09 12:10:30,707 INFO [org.springframework.beans.factory.xml.XmlBeanDefinitionReader] - Loading XML bean definitions from class path resource [spring-context-mybatis.xml]
2021-05-09 12:10:30,739 INFO [org.springframework.context.support.GenericApplicationContext] - Refreshing org.springframework.context.support.GenericApplicationContext@35d176f7: startup date [Sun May 09 12:10:30 CST 2021]; root of context hierarchy
2021-05-09 12:10:31,588 INFO [com.alibaba.druid.pool.DruidDataSource] - {dataSource-1} inited
2021-05-09 12:10:32,073 INFO [org.springframework.context.support.GenericApplicationContext] - Closing org.springframework.context.support.GenericApplicationContext@35d176f7: startup date [Sun May 09 12:10:30 CST 2021]; root of context hierarchy
2021-05-09 12:10:32,086 INFO [com.alibaba.druid.pool.DruidDataSource] - {dataSource-1} closed
